running egg_info
creating ../../build/student/student.egg-info
writing ../../build/student/student.egg-info/PKG-INFO
writing dependency_links to ../../build/student/student.egg-info/dependency_links.txt
writing entry points to ../../build/student/student.egg-info/entry_points.txt
writing requirements to ../../build/student/student.egg-info/requires.txt
writing top-level names to ../../build/student/student.egg-info/top_level.txt
writing manifest file '../../build/student/student.egg-info/SOURCES.txt'
reading manifest file '../../build/student/student.egg-info/SOURCES.txt'
writing manifest file '../../build/student/student.egg-info/SOURCES.txt'
running build
running build_py
creating /home/woodq/Desktop/moon/build/student/build
creating /home/woodq/Desktop/moon/build/student/build/lib
creating /home/woodq/Desktop/moon/build/student/build/lib/student
copying student/student.py -> /home/woodq/Desktop/moon/build/student/build/lib/student
copying student/__init__.py -> /home/woodq/Desktop/moon/build/student/build/lib/student
running install
running install_lib
creating /home/woodq/Desktop/moon/install/student/lib/python3.10/site-packages/student
copying /home/woodq/Desktop/moon/build/student/build/lib/student/student.py -> /home/woodq/Desktop/moon/install/student/lib/python3.10/site-packages/student
copying /home/woodq/Desktop/moon/build/student/build/lib/student/__init__.py -> /home/woodq/Desktop/moon/install/student/lib/python3.10/site-packages/student
byte-compiling /home/woodq/Desktop/moon/install/student/lib/python3.10/site-packages/student/student.py to student.cpython-310.pyc
byte-compiling /home/woodq/Desktop/moon/install/student/lib/python3.10/site-packages/student/__init__.py to __init__.cpython-310.pyc
running install_data
creating /home/woodq/Desktop/moon/install/student/share/ament_index
creating /home/woodq/Desktop/moon/install/student/share/ament_index/resource_index
creating /home/woodq/Desktop/moon/install/student/share/ament_index/resource_index/packages
copying resource/student -> /home/woodq/Desktop/moon/install/student/share/ament_index/resource_index/packages
copying package.xml -> /home/woodq/Desktop/moon/install/student/share/student
running install_egg_info
Copying ../../build/student/student.egg-info to /home/woodq/Desktop/moon/install/student/lib/python3.10/site-packages/student-0.0.0-py3.10.egg-info
running install_scripts
Installing student_node script to /home/woodq/Desktop/moon/install/student/lib/student
writing list of installed files to '/home/woodq/Desktop/moon/build/student/install.log'
