[1.862s] Invoking command in '/home/woodq/Desktop/moon/src/student': PYTHONPATH=/home/woodq/Desktop/moon/build/student/prefix_override:/usr/lib/python3/dist-packages/colcon_core/task/python/colcon_distutils_commands:/home/woodq/Desktop/moon/install/student/lib/python3.10/site-packages:${PYTHONPATH} /usr/bin/python3 -W ignore:setup.py install is deprecated setup.py egg_info --egg-base ../../build/student build --build-base /home/woodq/Desktop/moon/build/student/build install --record /home/woodq/Desktop/moon/build/student/install.log --single-version-externally-managed install_data
[2.429s] running egg_info
[2.431s] writing ../../build/student/student.egg-info/PKG-INFO
[2.432s] writing dependency_links to ../../build/student/student.egg-info/dependency_links.txt
[2.433s] writing entry points to ../../build/student/student.egg-info/entry_points.txt
[2.434s] writing requirements to ../../build/student/student.egg-info/requires.txt
[2.435s] writing top-level names to ../../build/student/student.egg-info/top_level.txt
[2.440s] reading manifest file '../../build/student/student.egg-info/SOURCES.txt'
[2.442s] writing manifest file '../../build/student/student.egg-info/SOURCES.txt'
[2.443s] running build
[2.444s] running build_py
[2.444s] running install
[2.445s] running install_lib
[2.448s] running install_data
[2.448s] running install_egg_info
[2.453s] removing '/home/woodq/Desktop/moon/install/student/lib/python3.10/site-packages/student-0.0.0-py3.10.egg-info' (and everything under it)
[2.455s] Copying ../../build/student/student.egg-info to /home/woodq/Desktop/moon/install/student/lib/python3.10/site-packages/student-0.0.0-py3.10.egg-info
[2.459s] running install_scripts
[2.503s] Installing student_node script to /home/woodq/Desktop/moon/install/student/lib/student
[2.505s] writing list of installed files to '/home/woodq/Desktop/moon/build/student/install.log'
[2.578s] Invoked command in '/home/woodq/Desktop/moon/src/student' returned '0': PYTHONPATH=/home/woodq/Desktop/moon/build/student/prefix_override:/usr/lib/python3/dist-packages/colcon_core/task/python/colcon_distutils_commands:/home/woodq/Desktop/moon/install/student/lib/python3.10/site-packages:${PYTHONPATH} /usr/bin/python3 -W ignore:setup.py install is deprecated setup.py egg_info --egg-base ../../build/student build --build-base /home/woodq/Desktop/moon/build/student/build install --record /home/woodq/Desktop/moon/build/student/install.log --single-version-externally-managed install_data
