running egg_info
writing ../../build/niluo/niluo.egg-info/PKG-INFO
writing dependency_links to ../../build/niluo/niluo.egg-info/dependency_links.txt
writing entry points to ../../build/niluo/niluo.egg-info/entry_points.txt
writing requirements to ../../build/niluo/niluo.egg-info/requires.txt
writing top-level names to ../../build/niluo/niluo.egg-info/top_level.txt
reading manifest file '../../build/niluo/niluo.egg-info/SOURCES.txt'
writing manifest file '../../build/niluo/niluo.egg-info/SOURCES.txt'
running build
running build_py
copying niluo/niluo.py -> /home/woodq/Desktop/moon/build/niluo/build/lib/niluo
running install
running install_lib
copying /home/woodq/Desktop/moon/build/niluo/build/lib/niluo/niluo.py -> /home/woodq/Desktop/moon/install/niluo/lib/python3.10/site-packages/niluo
byte-compiling /home/woodq/Desktop/moon/install/niluo/lib/python3.10/site-packages/niluo/niluo.py to niluo.cpython-310.pyc
running install_data
running install_egg_info
removing '/home/woodq/Desktop/moon/install/niluo/lib/python3.10/site-packages/niluo-0.0.0-py3.10.egg-info' (and everything under it)
Copying ../../build/niluo/niluo.egg-info to /home/woodq/Desktop/moon/install/niluo/lib/python3.10/site-packages/niluo-0.0.0-py3.10.egg-info
running install_scripts
Installing niluo_node script to /home/woodq/Desktop/moon/install/niluo/lib/niluo
writing list of installed files to '/home/woodq/Desktop/moon/build/niluo/install.log'
