running egg_info
writing ../../build/student/student.egg-info/PKG-INFO
writing dependency_links to ../../build/student/student.egg-info/dependency_links.txt
writing entry points to ../../build/student/student.egg-info/entry_points.txt
writing requirements to ../../build/student/student.egg-info/requires.txt
writing top-level names to ../../build/student/student.egg-info/top_level.txt
reading manifest file '../../build/student/student.egg-info/SOURCES.txt'
writing manifest file '../../build/student/student.egg-info/SOURCES.txt'
running build
running build_py
copying student/student.py -> /home/woodq/Desktop/moon/build/student/build/lib/student
running install
running install_lib
copying /home/woodq/Desktop/moon/build/student/build/lib/student/student.py -> /home/woodq/Desktop/moon/install/student/lib/python3.10/site-packages/student
byte-compiling /home/woodq/Desktop/moon/install/student/lib/python3.10/site-packages/student/student.py to student.cpython-310.pyc
running install_data
running install_egg_info
removing '/home/woodq/Desktop/moon/install/student/lib/python3.10/site-packages/student-0.0.0-py3.10.egg-info' (and everything under it)
Copying ../../build/student/student.egg-info to /home/woodq/Desktop/moon/install/student/lib/python3.10/site-packages/student-0.0.0-py3.10.egg-info
running install_scripts
Installing student_node script to /home/woodq/Desktop/moon/install/student/lib/student
writing list of installed files to '/home/woodq/Desktop/moon/build/student/install.log'
