[1.876s] Invoking command in '/home/woodq/Desktop/moon/src/niluo': PYTHONPATH=/home/woodq/Desktop/moon/build/niluo/prefix_override:/usr/lib/python3/dist-packages/colcon_core/task/python/colcon_distutils_commands:/home/woodq/Desktop/moon/install/niluo/lib/python3.10/site-packages:${PYTHONPATH} /usr/bin/python3 -W ignore:setup.py install is deprecated setup.py egg_info --egg-base ../../build/niluo build --build-base /home/woodq/Desktop/moon/build/niluo/build install --record /home/woodq/Desktop/moon/build/niluo/install.log --single-version-externally-managed install_data
[2.448s] running egg_info
[2.449s] writing ../../build/niluo/niluo.egg-info/PKG-INFO
[2.449s] writing dependency_links to ../../build/niluo/niluo.egg-info/dependency_links.txt
[2.449s] writing entry points to ../../build/niluo/niluo.egg-info/entry_points.txt
[2.451s] writing requirements to ../../build/niluo/niluo.egg-info/requires.txt
[2.452s] writing top-level names to ../../build/niluo/niluo.egg-info/top_level.txt
[2.456s] reading manifest file '../../build/niluo/niluo.egg-info/SOURCES.txt'
[2.459s] writing manifest file '../../build/niluo/niluo.egg-info/SOURCES.txt'
[2.462s] running build
[2.462s] running build_py
[2.462s] copying niluo/niluo.py -> /home/woodq/Desktop/moon/build/niluo/build/lib/niluo
[2.462s] running install
[2.463s] running install_lib
[2.465s] copying /home/woodq/Desktop/moon/build/niluo/build/lib/niluo/niluo.py -> /home/woodq/Desktop/moon/install/niluo/lib/python3.10/site-packages/niluo
[2.465s] byte-compiling /home/woodq/Desktop/moon/install/niluo/lib/python3.10/site-packages/niluo/niluo.py to niluo.cpython-310.pyc
[2.469s] running install_data
[2.469s] running install_egg_info
[2.475s] removing '/home/woodq/Desktop/moon/install/niluo/lib/python3.10/site-packages/niluo-0.0.0-py3.10.egg-info' (and everything under it)
[2.476s] Copying ../../build/niluo/niluo.egg-info to /home/woodq/Desktop/moon/install/niluo/lib/python3.10/site-packages/niluo-0.0.0-py3.10.egg-info
[2.479s] running install_scripts
[2.524s] Installing niluo_node script to /home/woodq/Desktop/moon/install/niluo/lib/niluo
[2.525s] writing list of installed files to '/home/woodq/Desktop/moon/build/niluo/install.log'
[2.568s] Invoked command in '/home/woodq/Desktop/moon/src/niluo' returned '0': PYTHONPATH=/home/woodq/Desktop/moon/build/niluo/prefix_override:/usr/lib/python3/dist-packages/colcon_core/task/python/colcon_distutils_commands:/home/woodq/Desktop/moon/install/niluo/lib/python3.10/site-packages:${PYTHONPATH} /usr/bin/python3 -W ignore:setup.py install is deprecated setup.py egg_info --egg-base ../../build/niluo build --build-base /home/woodq/Desktop/moon/build/niluo/build install --record /home/woodq/Desktop/moon/build/niluo/install.log --single-version-externally-managed install_data
