[0.309s] DEBUG:colcon:Command line arguments: ['/usr/bin/colcon', 'build']
[0.310s] DEBUG:colcon:Parsed command line arguments: Namespace(log_base=None, log_level=None, verb_name='build', build_base='build', install_base='install', merge_install=False, symlink_install=False, test_result_base=None, continue_on_error=False, executor='parallel', parallel_workers=4, event_handlers=None, ignore_user_meta=False, metas=['./colcon.meta'], base_paths=['.'], packages_ignore=None, packages_ignore_regex=None, paths=None, packages_up_to=None, packages_up_to_regex=None, packages_above=None, packages_above_and_dependencies=None, packages_above_depth=None, packages_select_by_dep=None, packages_skip_by_dep=None, packages_skip_up_to=None, packages_select_build_failed=False, packages_skip_build_finished=False, packages_select_test_failures=False, packages_skip_test_passed=False, packages_select=None, packages_skip=None, packages_select_regex=None, packages_skip_regex=None, packages_start=None, packages_end=None, allow_overriding=[], cmake_args=None, cmake_target=None, cmake_target_skip_unavailable=False, cmake_clean_cache=False, cmake_clean_first=False, cmake_force_configure=False, ament_cmake_args=None, catkin_cmake_args=None, catkin_skip_building_tests=False, verb_parser=<colcon_defaults.argument_parser.defaults.DefaultArgumentsDecorator object at 0x779bbf7e77f0>, verb_extension=<colcon_core.verb.build.BuildVerb object at 0x779bbfaf36d0>, main=<bound method BuildVerb.main of <colcon_core.verb.build.BuildVerb object at 0x779bbfaf36d0>>)
[0.750s] Level 1:colcon.colcon_core.package_discovery:discover_packages(colcon_meta) check parameters
[0.750s] Level 1:colcon.colcon_core.package_discovery:discover_packages(recursive) check parameters
[0.751s] Level 1:colcon.colcon_core.package_discovery:discover_packages(ignore) check parameters
[0.751s] Level 1:colcon.colcon_core.package_discovery:discover_packages(path) check parameters
[0.751s] Level 1:colcon.colcon_core.package_discovery:discover_packages(colcon_meta) discover
[0.751s] Level 1:colcon.colcon_core.package_discovery:discover_packages(recursive) discover
[0.751s] INFO:colcon.colcon_core.package_discovery:Crawling recursively for packages in '/home/woodq/Desktop/moon'
[0.751s] Level 1:colcon.colcon_core.package_identification:_identify(.) by extensions ['ignore', 'ignore_ament_install']
[0.752s] Level 1:colcon.colcon_core.package_identification:_identify(.) by extension 'ignore'
[0.752s] Level 1:colcon.colcon_core.package_identification:_identify(.) by extension 'ignore_ament_install'
[0.752s] Level 1:colcon.colcon_core.package_identification:_identify(.) by extensions ['colcon_pkg']
[0.752s] Level 1:colcon.colcon_core.package_identification:_identify(.) by extension 'colcon_pkg'
[0.752s] Level 1:colcon.colcon_core.package_identification:_identify(.) by extensions ['colcon_meta']
[0.752s] Level 1:colcon.colcon_core.package_identification:_identify(.) by extension 'colcon_meta'
[0.752s] Level 1:colcon.colcon_core.package_identification:_identify(.) by extensions ['ros']
[0.753s] Level 1:colcon.colcon_core.package_identification:_identify(.) by extension 'ros'
[0.804s] Level 1:colcon.colcon_core.package_identification:_identify(.) by extensions ['cmake', 'python']
[0.804s] Level 1:colcon.colcon_core.package_identification:_identify(.) by extension 'cmake'
[0.805s] Level 1:colcon.colcon_core.package_identification:_identify(.) by extension 'python'
[0.805s] Level 1:colcon.colcon_core.package_identification:_identify(.) by extensions ['python_setup_py']
[0.805s] Level 1:colcon.colcon_core.package_identification:_identify(.) by extension 'python_setup_py'
[0.805s] Level 1:colcon.colcon_core.package_identification:_identify(build) by extensions ['ignore', 'ignore_ament_install']
[0.805s] Level 1:colcon.colcon_core.package_identification:_identify(build) by extension 'ignore'
[0.805s] Level 1:colcon.colcon_core.package_identification:_identify(build) ignored
[0.806s] Level 1:colcon.colcon_core.package_identification:_identify(install) by extensions ['ignore', 'ignore_ament_install']
[0.806s] Level 1:colcon.colcon_core.package_identification:_identify(install) by extension 'ignore'
[0.806s] Level 1:colcon.colcon_core.package_identification:_identify(install) ignored
[0.806s] Level 1:colcon.colcon_core.package_identification:_identify(log) by extensions ['ignore', 'ignore_ament_install']
[0.806s] Level 1:colcon.colcon_core.package_identification:_identify(log) by extension 'ignore'
[0.806s] Level 1:colcon.colcon_core.package_identification:_identify(log) ignored
[0.807s] Level 1:colcon.colcon_core.package_identification:_identify(src) by extensions ['ignore', 'ignore_ament_install']
[0.807s] Level 1:colcon.colcon_core.package_identification:_identify(src) by extension 'ignore'
[0.807s] Level 1:colcon.colcon_core.package_identification:_identify(src) by extension 'ignore_ament_install'
[0.807s] Level 1:colcon.colcon_core.package_identification:_identify(src) by extensions ['colcon_pkg']
[0.807s] Level 1:colcon.colcon_core.package_identification:_identify(src) by extension 'colcon_pkg'
[0.807s] Level 1:colcon.colcon_core.package_identification:_identify(src) by extensions ['colcon_meta']
[0.807s] Level 1:colcon.colcon_core.package_identification:_identify(src) by extension 'colcon_meta'
[0.807s] Level 1:colcon.colcon_core.package_identification:_identify(src) by extensions ['ros']
[0.808s] Level 1:colcon.colcon_core.package_identification:_identify(src) by extension 'ros'
[0.808s] Level 1:colcon.colcon_core.package_identification:_identify(src) by extensions ['cmake', 'python']
[0.808s] Level 1:colcon.colcon_core.package_identification:_identify(src) by extension 'cmake'
[0.808s] Level 1:colcon.colcon_core.package_identification:_identify(src) by extension 'python'
[0.808s] Level 1:colcon.colcon_core.package_identification:_identify(src) by extensions ['python_setup_py']
[0.808s] Level 1:colcon.colcon_core.package_identification:_identify(src) by extension 'python_setup_py'
[0.808s] Level 1:colcon.colcon_core.package_identification:_identify(src/niluo) by extensions ['ignore', 'ignore_ament_install']
[0.809s] Level 1:colcon.colcon_core.package_identification:_identify(src/niluo) by extension 'ignore'
[0.809s] Level 1:colcon.colcon_core.package_identification:_identify(src/niluo) by extension 'ignore_ament_install'
[0.809s] Level 1:colcon.colcon_core.package_identification:_identify(src/niluo) by extensions ['colcon_pkg']
[0.809s] Level 1:colcon.colcon_core.package_identification:_identify(src/niluo) by extension 'colcon_pkg'
[0.809s] Level 1:colcon.colcon_core.package_identification:_identify(src/niluo) by extensions ['colcon_meta']
[0.809s] Level 1:colcon.colcon_core.package_identification:_identify(src/niluo) by extension 'colcon_meta'
[0.809s] Level 1:colcon.colcon_core.package_identification:_identify(src/niluo) by extensions ['ros']
[0.810s] Level 1:colcon.colcon_core.package_identification:_identify(src/niluo) by extension 'ros'
[0.817s] DEBUG:colcon.colcon_core.package_identification:Package 'src/niluo' with type 'ros.ament_python' and name 'niluo'
[0.818s] Level 1:colcon.colcon_core.package_identification:_identify(src/student) by extensions ['ignore', 'ignore_ament_install']
[0.818s] Level 1:colcon.colcon_core.package_identification:_identify(src/student) by extension 'ignore'
[0.818s] Level 1:colcon.colcon_core.package_identification:_identify(src/student) by extension 'ignore_ament_install'
[0.818s] Level 1:colcon.colcon_core.package_identification:_identify(src/student) by extensions ['colcon_pkg']
[0.818s] Level 1:colcon.colcon_core.package_identification:_identify(src/student) by extension 'colcon_pkg'
[0.819s] Level 1:colcon.colcon_core.package_identification:_identify(src/student) by extensions ['colcon_meta']
[0.819s] Level 1:colcon.colcon_core.package_identification:_identify(src/student) by extension 'colcon_meta'
[0.819s] Level 1:colcon.colcon_core.package_identification:_identify(src/student) by extensions ['ros']
[0.819s] Level 1:colcon.colcon_core.package_identification:_identify(src/student) by extension 'ros'
[0.820s] DEBUG:colcon.colcon_core.package_identification:Package 'src/student' with type 'ros.ament_python' and name 'student'
[0.821s] Level 1:colcon.colcon_core.package_discovery:discover_packages(recursive) using defaults
[0.821s] Level 1:colcon.colcon_core.package_discovery:discover_packages(ignore) discover
[0.821s] Level 1:colcon.colcon_core.package_discovery:discover_packages(ignore) using defaults
[0.821s] Level 1:colcon.colcon_core.package_discovery:discover_packages(path) discover
[0.821s] Level 1:colcon.colcon_core.package_discovery:discover_packages(path) using defaults
[0.888s] Level 1:colcon.colcon_core.package_discovery:discover_packages(prefix_path) check parameters
[0.888s] Level 1:colcon.colcon_core.package_discovery:discover_packages(prefix_path) discover
[0.895s] DEBUG:colcon.colcon_installed_package_information.package_discovery:Found 270 installed packages in /opt/ros/humble
[0.900s] Level 1:colcon.colcon_core.package_discovery:discover_packages(prefix_path) using defaults
[1.028s] Level 5:colcon.colcon_core.verb:set package 'niluo' build argument 'cmake_args' from command line to 'None'
[1.029s] Level 5:colcon.colcon_core.verb:set package 'niluo' build argument 'cmake_target' from command line to 'None'
[1.029s] Level 5:colcon.colcon_core.verb:set package 'niluo' build argument 'cmake_target_skip_unavailable' from command line to 'False'
[1.029s] Level 5:colcon.colcon_core.verb:set package 'niluo' build argument 'cmake_clean_cache' from command line to 'False'
[1.029s] Level 5:colcon.colcon_core.verb:set package 'niluo' build argument 'cmake_clean_first' from command line to 'False'
[1.029s] Level 5:colcon.colcon_core.verb:set package 'niluo' build argument 'cmake_force_configure' from command line to 'False'
[1.029s] Level 5:colcon.colcon_core.verb:set package 'niluo' build argument 'ament_cmake_args' from command line to 'None'
[1.029s] Level 5:colcon.colcon_core.verb:set package 'niluo' build argument 'catkin_cmake_args' from command line to 'None'
[1.029s] Level 5:colcon.colcon_core.verb:set package 'niluo' build argument 'catkin_skip_building_tests' from command line to 'False'
[1.029s] DEBUG:colcon.colcon_core.verb:Building package 'niluo' with the following arguments: {'ament_cmake_args': None, 'build_base': '/home/woodq/Desktop/moon/build/niluo', 'catkin_cmake_args': None, 'catkin_skip_building_tests': False, 'cmake_args': None, 'cmake_clean_cache': False, 'cmake_clean_first': False, 'cmake_force_configure': False, 'cmake_target': None, 'cmake_target_skip_unavailable': False, 'install_base': '/home/woodq/Desktop/moon/install/niluo', 'merge_install': False, 'path': '/home/woodq/Desktop/moon/src/niluo', 'symlink_install': False, 'test_result_base': None}
[1.030s] Level 5:colcon.colcon_core.verb:set package 'student' build argument 'cmake_args' from command line to 'None'
[1.030s] Level 5:colcon.colcon_core.verb:set package 'student' build argument 'cmake_target' from command line to 'None'
[1.030s] Level 5:colcon.colcon_core.verb:set package 'student' build argument 'cmake_target_skip_unavailable' from command line to 'False'
[1.030s] Level 5:colcon.colcon_core.verb:set package 'student' build argument 'cmake_clean_cache' from command line to 'False'
[1.030s] Level 5:colcon.colcon_core.verb:set package 'student' build argument 'cmake_clean_first' from command line to 'False'
[1.031s] Level 5:colcon.colcon_core.verb:set package 'student' build argument 'cmake_force_configure' from command line to 'False'
[1.031s] Level 5:colcon.colcon_core.verb:set package 'student' build argument 'ament_cmake_args' from command line to 'None'
[1.031s] Level 5:colcon.colcon_core.verb:set package 'student' build argument 'catkin_cmake_args' from command line to 'None'
[1.031s] Level 5:colcon.colcon_core.verb:set package 'student' build argument 'catkin_skip_building_tests' from command line to 'False'
[1.031s] DEBUG:colcon.colcon_core.verb:Building package 'student' with the following arguments: {'ament_cmake_args': None, 'build_base': '/home/woodq/Desktop/moon/build/student', 'catkin_cmake_args': None, 'catkin_skip_building_tests': False, 'cmake_args': None, 'cmake_clean_cache': False, 'cmake_clean_first': False, 'cmake_force_configure': False, 'cmake_target': None, 'cmake_target_skip_unavailable': False, 'install_base': '/home/woodq/Desktop/moon/install/student', 'merge_install': False, 'path': '/home/woodq/Desktop/moon/src/student', 'symlink_install': False, 'test_result_base': None}
[1.031s] INFO:colcon.colcon_core.executor:Executing jobs using 'parallel' executor
[1.033s] DEBUG:colcon.colcon_parallel_executor.executor.parallel:run_until_complete
[1.034s] INFO:colcon.colcon_ros.task.ament_python.build:Building ROS package in '/home/woodq/Desktop/moon/src/niluo' with build type 'ament_python'
[1.034s] Level 1:colcon.colcon_core.shell:create_environment_hook('niluo', 'ament_prefix_path')
[1.039s] INFO:colcon.colcon_core.plugin_system:Skipping extension 'colcon_core.shell.bat': Not used on non-Windows systems
[1.040s] INFO:colcon.colcon_core.shell:Creating environment hook '/home/woodq/Desktop/moon/install/niluo/share/niluo/hook/ament_prefix_path.ps1'
[1.041s] INFO:colcon.colcon_core.shell:Creating environment descriptor '/home/woodq/Desktop/moon/install/niluo/share/niluo/hook/ament_prefix_path.dsv'
[1.043s] INFO:colcon.colcon_core.shell:Creating environment hook '/home/woodq/Desktop/moon/install/niluo/share/niluo/hook/ament_prefix_path.sh'
[1.045s] INFO:colcon.colcon_core.shell:Skip shell extension 'powershell' for command environment: Not usable outside of PowerShell
[1.045s] DEBUG:colcon.colcon_core.shell:Skip shell extension 'dsv' for command environment
[1.052s] INFO:colcon.colcon_ros.task.ament_python.build:Building ROS package in '/home/woodq/Desktop/moon/src/student' with build type 'ament_python'
[1.052s] Level 1:colcon.colcon_core.shell:create_environment_hook('student', 'ament_prefix_path')
[1.052s] INFO:colcon.colcon_core.shell:Creating environment hook '/home/woodq/Desktop/moon/install/student/share/student/hook/ament_prefix_path.ps1'
[1.054s] INFO:colcon.colcon_core.shell:Creating environment descriptor '/home/woodq/Desktop/moon/install/student/share/student/hook/ament_prefix_path.dsv'
[1.055s] INFO:colcon.colcon_core.shell:Creating environment hook '/home/woodq/Desktop/moon/install/student/share/student/hook/ament_prefix_path.sh'
[1.057s] INFO:colcon.colcon_core.shell:Skip shell extension 'powershell' for command environment: Not usable outside of PowerShell
[1.057s] DEBUG:colcon.colcon_core.shell:Skip shell extension 'dsv' for command environment
[1.835s] INFO:colcon.colcon_core.task.python.build:Building Python package in '/home/woodq/Desktop/moon/src/niluo'
[1.836s] INFO:colcon.colcon_core.shell:Skip shell extension 'powershell' for command environment: Not usable outside of PowerShell
[1.836s] DEBUG:colcon.colcon_core.shell:Skip shell extension 'dsv' for command environment
[2.507s] INFO:colcon.colcon_core.task.python.build:Building Python package in '/home/woodq/Desktop/moon/src/student'
[2.508s] INFO:colcon.colcon_core.shell:Skip shell extension 'powershell' for command environment: Not usable outside of PowerShell
[2.508s] DEBUG:colcon.colcon_core.shell:Skip shell extension 'dsv' for command environment
[3.493s] DEBUG:colcon.colcon_core.event_handler.log_command:Invoking command in '/home/woodq/Desktop/moon/src/student': PYTHONPATH=/home/woodq/Desktop/moon/build/student/prefix_override:/usr/lib/python3/dist-packages/colcon_core/task/python/colcon_distutils_commands:/home/woodq/Desktop/moon/install/student/lib/python3.10/site-packages:${PYTHONPATH} /usr/bin/python3 -W ignore:setup.py install is deprecated setup.py egg_info --egg-base ../../build/student build --build-base /home/woodq/Desktop/moon/build/student/build install --record /home/woodq/Desktop/moon/build/student/install.log --single-version-externally-managed install_data
[3.530s] DEBUG:colcon.colcon_core.event_handler.log_command:Invoking command in '/home/woodq/Desktop/moon/src/niluo': PYTHONPATH=/home/woodq/Desktop/moon/build/niluo/prefix_override:/usr/lib/python3/dist-packages/colcon_core/task/python/colcon_distutils_commands:/home/woodq/Desktop/moon/install/niluo/lib/python3.10/site-packages:${PYTHONPATH} /usr/bin/python3 -W ignore:setup.py install is deprecated setup.py egg_info --egg-base ../../build/niluo build --build-base /home/woodq/Desktop/moon/build/niluo/build install --record /home/woodq/Desktop/moon/build/niluo/install.log --single-version-externally-managed install_data
[4.155s] DEBUG:colcon.colcon_core.event_handler.log_command:Invoked command in '/home/woodq/Desktop/moon/src/student' returned '0': PYTHONPATH=/home/woodq/Desktop/moon/build/student/prefix_override:/usr/lib/python3/dist-packages/colcon_core/task/python/colcon_distutils_commands:/home/woodq/Desktop/moon/install/student/lib/python3.10/site-packages:${PYTHONPATH} /usr/bin/python3 -W ignore:setup.py install is deprecated setup.py egg_info --egg-base ../../build/student build --build-base /home/woodq/Desktop/moon/build/student/build install --record /home/woodq/Desktop/moon/build/student/install.log --single-version-externally-managed install_data
[4.161s] Level 1:colcon.colcon_core.environment:checking '/home/woodq/Desktop/moon/install/student' for CMake module files
[4.162s] Level 1:colcon.colcon_core.environment:checking '/home/woodq/Desktop/moon/install/student' for CMake config files
[4.164s] Level 1:colcon.colcon_core.environment:checking '/home/woodq/Desktop/moon/install/student/lib'
[4.164s] Level 1:colcon.colcon_core.environment:checking '/home/woodq/Desktop/moon/install/student/bin'
[4.166s] Level 1:colcon.colcon_core.environment:checking '/home/woodq/Desktop/moon/install/student/lib/pkgconfig/student.pc'
[4.167s] Level 1:colcon.colcon_core.environment:checking '/home/woodq/Desktop/moon/install/student/lib/python3.10/site-packages'
[4.167s] Level 1:colcon.colcon_core.shell:create_environment_hook('student', 'pythonpath')
[4.167s] INFO:colcon.colcon_core.shell:Creating environment hook '/home/woodq/Desktop/moon/install/student/share/student/hook/pythonpath.ps1'
[4.172s] INFO:colcon.colcon_core.shell:Creating environment descriptor '/home/woodq/Desktop/moon/install/student/share/student/hook/pythonpath.dsv'
[4.181s] INFO:colcon.colcon_core.shell:Creating environment hook '/home/woodq/Desktop/moon/install/student/share/student/hook/pythonpath.sh'
[4.185s] Level 1:colcon.colcon_core.environment:checking '/home/woodq/Desktop/moon/install/student/bin'
[4.186s] Level 1:colcon.colcon_core.environment:create_environment_scripts_only(student)
[4.187s] INFO:colcon.colcon_core.shell:Creating package script '/home/woodq/Desktop/moon/install/student/share/student/package.ps1'
[4.190s] INFO:colcon.colcon_core.shell:Creating package descriptor '/home/woodq/Desktop/moon/install/student/share/student/package.dsv'
[4.192s] INFO:colcon.colcon_core.shell:Creating package script '/home/woodq/Desktop/moon/install/student/share/student/package.sh'
[4.195s] INFO:colcon.colcon_core.shell:Creating package script '/home/woodq/Desktop/moon/install/student/share/student/package.bash'
[4.197s] INFO:colcon.colcon_core.shell:Creating package script '/home/woodq/Desktop/moon/install/student/share/student/package.zsh'
[4.199s] Level 1:colcon.colcon_core.environment:create_file_with_runtime_dependencies(/home/woodq/Desktop/moon/install/student/share/colcon-core/packages/student)
[4.288s] Level 1:colcon.colcon_core.environment:checking '/home/woodq/Desktop/moon/install/niluo' for CMake module files
[4.289s] Level 1:colcon.colcon_core.environment:checking '/home/woodq/Desktop/moon/install/niluo' for CMake config files
[4.290s] DEBUG:colcon.colcon_core.event_handler.log_command:Invoked command in '/home/woodq/Desktop/moon/src/niluo' returned '0': PYTHONPATH=/home/woodq/Desktop/moon/build/niluo/prefix_override:/usr/lib/python3/dist-packages/colcon_core/task/python/colcon_distutils_commands:/home/woodq/Desktop/moon/install/niluo/lib/python3.10/site-packages:${PYTHONPATH} /usr/bin/python3 -W ignore:setup.py install is deprecated setup.py egg_info --egg-base ../../build/niluo build --build-base /home/woodq/Desktop/moon/build/niluo/build install --record /home/woodq/Desktop/moon/build/niluo/install.log --single-version-externally-managed install_data
[4.293s] Level 1:colcon.colcon_core.environment:checking '/home/woodq/Desktop/moon/install/niluo/lib'
[4.293s] Level 1:colcon.colcon_core.environment:checking '/home/woodq/Desktop/moon/install/niluo/bin'
[4.294s] Level 1:colcon.colcon_core.environment:checking '/home/woodq/Desktop/moon/install/niluo/lib/pkgconfig/niluo.pc'
[4.294s] Level 1:colcon.colcon_core.environment:checking '/home/woodq/Desktop/moon/install/niluo/lib/python3.10/site-packages'
[4.295s] Level 1:colcon.colcon_core.shell:create_environment_hook('niluo', 'pythonpath')
[4.295s] INFO:colcon.colcon_core.shell:Creating environment hook '/home/woodq/Desktop/moon/install/niluo/share/niluo/hook/pythonpath.ps1'
[4.297s] INFO:colcon.colcon_core.shell:Creating environment descriptor '/home/woodq/Desktop/moon/install/niluo/share/niluo/hook/pythonpath.dsv'
[4.298s] INFO:colcon.colcon_core.shell:Creating environment hook '/home/woodq/Desktop/moon/install/niluo/share/niluo/hook/pythonpath.sh'
[4.300s] Level 1:colcon.colcon_core.environment:checking '/home/woodq/Desktop/moon/install/niluo/bin'
[4.300s] Level 1:colcon.colcon_core.environment:create_environment_scripts_only(niluo)
[4.301s] INFO:colcon.colcon_core.shell:Creating package script '/home/woodq/Desktop/moon/install/niluo/share/niluo/package.ps1'
[4.302s] INFO:colcon.colcon_core.shell:Creating package descriptor '/home/woodq/Desktop/moon/install/niluo/share/niluo/package.dsv'
[4.303s] INFO:colcon.colcon_core.shell:Creating package script '/home/woodq/Desktop/moon/install/niluo/share/niluo/package.sh'
[4.305s] INFO:colcon.colcon_core.shell:Creating package script '/home/woodq/Desktop/moon/install/niluo/share/niluo/package.bash'
[4.306s] INFO:colcon.colcon_core.shell:Creating package script '/home/woodq/Desktop/moon/install/niluo/share/niluo/package.zsh'
[4.307s] Level 1:colcon.colcon_core.environment:create_file_with_runtime_dependencies(/home/woodq/Desktop/moon/install/niluo/share/colcon-core/packages/niluo)
[4.308s] DEBUG:colcon.colcon_parallel_executor.executor.parallel:closing loop
[4.308s] DEBUG:colcon.colcon_parallel_executor.executor.parallel:loop closed
[4.309s] DEBUG:colcon.colcon_parallel_executor.executor.parallel:run_until_complete finished with '0'
[4.309s] DEBUG:colcon.colcon_core.event_reactor:joining thread
[4.324s] INFO:colcon.colcon_core.plugin_system:Skipping extension 'colcon_notification.desktop_notification.terminal_notifier': Not used on non-Darwin systems
[4.325s] INFO:colcon.colcon_core.plugin_system:Skipping extension 'colcon_notification.desktop_notification.win32': Not used on non-Windows systems
[4.325s] INFO:colcon.colcon_notification.desktop_notification:Sending desktop notification using 'notify2'
[4.354s] DEBUG:colcon.colcon_core.event_reactor:joined thread
[4.355s] INFO:colcon.colcon_core.shell:Creating prefix script '/home/woodq/Desktop/moon/install/local_setup.ps1'
[4.357s] INFO:colcon.colcon_core.shell:Creating prefix util module '/home/woodq/Desktop/moon/install/_local_setup_util_ps1.py'
[4.362s] INFO:colcon.colcon_core.shell:Creating prefix chain script '/home/woodq/Desktop/moon/install/setup.ps1'
[4.364s] INFO:colcon.colcon_core.shell:Creating prefix script '/home/woodq/Desktop/moon/install/local_setup.sh'
[4.366s] INFO:colcon.colcon_core.shell:Creating prefix util module '/home/woodq/Desktop/moon/install/_local_setup_util_sh.py'
[4.369s] INFO:colcon.colcon_core.shell:Creating prefix chain script '/home/woodq/Desktop/moon/install/setup.sh'
[4.371s] INFO:colcon.colcon_core.shell:Creating prefix script '/home/woodq/Desktop/moon/install/local_setup.bash'
[4.373s] INFO:colcon.colcon_core.shell:Creating prefix chain script '/home/woodq/Desktop/moon/install/setup.bash'
[4.376s] INFO:colcon.colcon_core.shell:Creating prefix script '/home/woodq/Desktop/moon/install/local_setup.zsh'
[4.377s] INFO:colcon.colcon_core.shell:Creating prefix chain script '/home/woodq/Desktop/moon/install/setup.zsh'
